<?xml version="1.0" encoding="UTF-8"?>
<!-- Generated by org.testng.reporters.JUnitReportReporter -->
<testsuite hostname="LKLT1248" failures="0" tests="2" name="Academy.HomePageTest" time="34.901" errors="0" timestamp="2022-06-12T21:17:49 IST" skipped="0">
  <testcase classname="Academy.HomePageTest" name="homePageNavigation" time="18.059"/>
  <system-out/>
  <testcase classname="Academy.HomePageTest" name="homePageNavigation" time="16.842"/>
  <system-out/>
</testsuite> <!-- Academy.HomePageTest -->
