<?xml version="1.0" encoding="UTF-8"?>
<!-- Generated by org.testng.reporters.JUnitReportReporter -->
<testsuite hostname="LKLT1248" failures="0" tests="2" name="Academy.HomePage" time="28.856" errors="0" timestamp="2022-06-12T14:58:18 IST" skipped="0">
  <testcase classname="Academy.HomePage" name="basePageNavigation" time="18.110"/>
  <system-out/>
  <testcase classname="Academy.HomePage" name="basePageNavigation" time="10.746"/>
  <system-out/>
</testsuite> <!-- Academy.HomePage -->
