<?xml version="1.0" encoding="UTF-8"?>
<!-- Generated by org.testng.reporters.JUnitReportReporter -->
<testsuite hostname="LKLT1248" failures="0" tests="1" name="Academy.ValidateSourceLinkTest" time="0.054" errors="0" timestamp="2022-06-12T21:17:49 IST" skipped="0">
  <testcase classname="Academy.ValidateSourceLinkTest" name="sourceLinkNavigation" time="0.054"/>
  <system-out/>
</testsuite> <!-- Academy.ValidateSourceLinkTest -->
