<?xml version="1.0" encoding="UTF-8"?>
<!-- Generated by org.testng.reporters.JUnitReportReporter -->
<testsuite hostname="LKLT1248" failures="0" tests="1" name="Academy.ValidateTitle" time="0.036" errors="0" timestamp="2022-06-12T14:58:18 IST" skipped="0">
  <testcase classname="Academy.ValidateTitle" name="basePageNavigation" time="0.036"/>
  <system-out/>
</testsuite> <!-- Academy.ValidateTitle -->
