<?xml version="1.0" encoding="UTF-8"?>
<!-- Generated by org.testng.reporters.JUnitReportReporter -->
<testsuite hostname="LKLT1248" failures="0" tests="1" name="Academy.ValidateSourceLink" time="0.045" errors="0" timestamp="2022-06-12T14:58:18 IST" skipped="0">
  <testcase classname="Academy.ValidateSourceLink" name="basePageNavigation" time="0.045"/>
  <system-out/>
</testsuite> <!-- Academy.ValidateSourceLink -->
