<?xml version="1.0" encoding="UTF-8"?>
<!-- Generated by org.testng.reporters.JUnitReportReporter -->
<testsuite skipped="0" hostname="LKLT1248" name="Academy.ValidateSourceLink" tests="1" failures="0" timestamp="2022-06-12T14:43:19 IST" time="0.102" errors="0">
  <testcase name="basePageNavigation" time="0.102" classname="Academy.ValidateSourceLink"/>
  <system-out/>
</testsuite> <!-- Academy.ValidateSourceLink -->
