<?xml version="1.0" encoding="UTF-8"?>
<!-- Generated by org.testng.reporters.JUnitReportReporter -->
<testsuite skipped="0" hostname="LKLT1248" name="Academy.ValidateSourceLinkTest" tests="1" failures="0" timestamp="2022-06-13T01:20:36 IST" time="0.085" errors="0">
  <testcase name="sourceLinkNavigation" time="0.085" classname="Academy.ValidateSourceLinkTest"/>
  <system-out/>
</testsuite> <!-- Academy.ValidateSourceLinkTest -->
