<?xml version="1.0" encoding="UTF-8"?>
<!-- Generated by org.testng.reporters.JUnitReportReporter -->
<testsuite skipped="0" hostname="LKLT1248" name="Academy.HomePage" tests="2" failures="0" timestamp="2022-06-12T14:43:19 IST" time="31.494" errors="0">
  <testcase name="basePageNavigation" time="14.407" classname="Academy.HomePage"/>
  <system-out/>
  <testcase name="basePageNavigation" time="17.087" classname="Academy.HomePage"/>
  <system-out/>
</testsuite> <!-- Academy.HomePage -->
